f:\vs_workspace\game_development_workspace\spacewars\spacewars\debug\vc141.pdb
f:\vs_workspace\game_development_workspace\spacewars\spacewars\debug\vc141.idb
f:\vs_workspace\game_development_workspace\spacewars\spacewars\debug\b2circlecontact.obj
f:\vs_workspace\game_development_workspace\spacewars\spacewars\debug\b2contact.obj
f:\vs_workspace\game_development_workspace\spacewars\spacewars\debug\b2contactsolver.obj
f:\vs_workspace\game_development_workspace\spacewars\spacewars\debug\b2edgeandcirclecontact.obj
f:\vs_workspace\game_development_workspace\spacewars\spacewars\debug\b2edgeandpolygoncontact.obj
f:\vs_workspace\game_development_workspace\spacewars\spacewars\debug\b2polygonandcirclecontact.obj
f:\vs_workspace\game_development_workspace\spacewars\spacewars\debug\b2polygoncontact.obj
f:\vs_workspace\game_development_workspace\spacewars\spacewars\debug\b2distancejoint.obj
f:\vs_workspace\game_development_workspace\spacewars\spacewars\debug\b2frictionjoint.obj
f:\vs_workspace\game_development_workspace\spacewars\spacewars\debug\b2gearjoint.obj
f:\vs_workspace\game_development_workspace\spacewars\spacewars\debug\b2joint.obj
f:\vs_workspace\game_development_workspace\spacewars\spacewars\debug\b2motorjoint.obj
f:\vs_workspace\game_development_workspace\spacewars\spacewars\debug\b2mousejoint.obj
f:\vs_workspace\game_development_workspace\spacewars\spacewars\debug\b2prismaticjoint.obj
f:\vs_workspace\game_development_workspace\spacewars\spacewars\debug\b2pulleyjoint.obj
f:\vs_workspace\game_development_workspace\spacewars\spacewars\debug\b2revolutejoint.obj
f:\vs_workspace\game_development_workspace\spacewars\spacewars\debug\b2ropejoint.obj
f:\vs_workspace\game_development_workspace\spacewars\spacewars\debug\b2weldjoint.obj
f:\vs_workspace\game_development_workspace\spacewars\spacewars\debug\b2wheeljoint.obj
f:\vs_workspace\game_development_workspace\spacewars\spacewars\debug\b2rope.obj
f:\vs_workspace\game_development_workspace\spacewars\spacewars\debug\b2dynamictree.obj
f:\vs_workspace\game_development_workspace\spacewars\spacewars\debug\b2timeofimpact.obj
f:\vs_workspace\game_development_workspace\spacewars\spacewars\debug\b2chainshape.obj
f:\vs_workspace\game_development_workspace\spacewars\spacewars\debug\b2circleshape.obj
f:\vs_workspace\game_development_workspace\spacewars\spacewars\debug\b2edgeshape.obj
f:\vs_workspace\game_development_workspace\spacewars\spacewars\debug\b2polygonshape.obj
f:\vs_workspace\game_development_workspace\spacewars\spacewars\debug\b2blockallocator.obj
f:\vs_workspace\game_development_workspace\spacewars\spacewars\debug\b2draw.obj
f:\vs_workspace\game_development_workspace\spacewars\spacewars\debug\b2math.obj
f:\vs_workspace\game_development_workspace\spacewars\spacewars\debug\b2settings.obj
f:\vs_workspace\game_development_workspace\spacewars\spacewars\debug\b2stackallocator.obj
f:\vs_workspace\game_development_workspace\spacewars\spacewars\debug\b2timer.obj
f:\vs_workspace\game_development_workspace\spacewars\spacewars\debug\b2body.obj
f:\vs_workspace\game_development_workspace\spacewars\spacewars\debug\b2contactmanager.obj
f:\vs_workspace\game_development_workspace\spacewars\spacewars\debug\b2fixture.obj
f:\vs_workspace\game_development_workspace\spacewars\spacewars\debug\b2island.obj
f:\vs_workspace\game_development_workspace\spacewars\spacewars\debug\b2world.obj
f:\vs_workspace\game_development_workspace\spacewars\spacewars\debug\b2worldcallbacks.obj
f:\vs_workspace\game_development_workspace\spacewars\spacewars\debug\b2chainandcirclecontact.obj
f:\vs_workspace\game_development_workspace\spacewars\spacewars\debug\b2chainandpolygoncontact.obj
f:\vs_workspace\game_development_workspace\spacewars\spacewars\debug\keyboard.obj
f:\vs_workspace\game_development_workspace\spacewars\spacewars\debug\moveablebody.obj
f:\vs_workspace\game_development_workspace\spacewars\spacewars\debug\physicsmanager.obj
f:\vs_workspace\game_development_workspace\spacewars\spacewars\debug\resource.obj
f:\vs_workspace\game_development_workspace\spacewars\spacewars\debug\log.obj
f:\vs_workspace\game_development_workspace\spacewars\spacewars\debug\main.obj
f:\vs_workspace\game_development_workspace\spacewars\spacewars\debug\b2broadphase.obj
f:\vs_workspace\game_development_workspace\spacewars\spacewars\debug\b2collidecircle.obj
f:\vs_workspace\game_development_workspace\spacewars\spacewars\debug\b2collideedge.obj
f:\vs_workspace\game_development_workspace\spacewars\spacewars\debug\b2collidepolygon.obj
f:\vs_workspace\game_development_workspace\spacewars\spacewars\debug\b2collision.obj
f:\vs_workspace\game_development_workspace\spacewars\spacewars\debug\b2distance.obj
f:\vs_workspace\game_development_workspace\spacewars\spacewars\debug\graphicsmanager.obj
f:\vs_workspace\game_development_workspace\spacewars\spacewars\debug\inputmanager.obj
f:\vs_workspace\game_development_workspace\spacewars\debug\spacewars.pdb
f:\vs_workspace\game_development_workspace\spacewars\spacewars\debug\spacewars.tlog\cl.command.1.tlog
f:\vs_workspace\game_development_workspace\spacewars\spacewars\debug\spacewars.tlog\cl.read.1.tlog
f:\vs_workspace\game_development_workspace\spacewars\spacewars\debug\spacewars.tlog\cl.write.1.tlog
f:\vs_workspace\game_development_workspace\spacewars\spacewars\debug\spacewars.tlog\link-cvtres.read.1.tlog
f:\vs_workspace\game_development_workspace\spacewars\spacewars\debug\spacewars.tlog\link-cvtres.write.1.tlog
f:\vs_workspace\game_development_workspace\spacewars\spacewars\debug\spacewars.tlog\link-rc.read.1.tlog
f:\vs_workspace\game_development_workspace\spacewars\spacewars\debug\spacewars.tlog\link-rc.write.1.tlog
f:\vs_workspace\game_development_workspace\spacewars\spacewars\debug\spacewars.tlog\link.command.1.tlog
f:\vs_workspace\game_development_workspace\spacewars\spacewars\debug\spacewars.tlog\link.read.1.tlog
f:\vs_workspace\game_development_workspace\spacewars\spacewars\debug\spacewars.tlog\link.write.1.tlog
